TN:
SF:tasks\calculator.js
FN:3,(anonymous_0)
FN:7,(anonymous_1)
FN:12,(anonymous_2)
FN:17,(anonymous_3)
FN:22,(anonymous_4)
FN:30,(anonymous_5)
FNF:6
FNH:6
FNDA:5,(anonymous_0)
FNDA:5,(anonymous_1)
FNDA:1,(anonymous_2)
FNDA:1,(anonymous_3)
FNDA:2,(anonymous_4)
FNDA:4,(anonymous_5)
DA:4,5
DA:8,5
DA:9,5
DA:13,1
DA:14,1
DA:18,1
DA:19,1
DA:23,2
DA:24,1
DA:26,1
DA:27,1
DA:31,4
DA:35,1
LF:13
LH:13
BRDA:23,0,0,1
BRDA:23,0,1,1
BRF:2
BRH:2
end_of_record
TN:
SF:tasks\capitalize.js
FN:1,capitalize
FNF:1
FNH:1
FNDA:3,capitalize
DA:2,3
DA:3,2
DA:6,1
DA:9,1
LF:4
LH:4
BRDA:2,0,0,2
BRDA:2,0,1,1
BRDA:2,1,0,3
BRDA:2,1,1,2
BRF:4
BRH:4
end_of_record
TN:
SF:tasks\reverseString.js
FN:1,reverseString
FNF:1
FNH:1
FNDA:2,reverseString
DA:2,2
LF:1
LH:1
BRF:0
BRH:0
end_of_record
TN:
SF:tasks\stringLength.js
FN:1,stringLength
FNF:1
FNH:1
FNDA:3,stringLength
DA:2,3
DA:3,1
DA:5,2
DA:6,1
DA:8,1
DA:13,1
LF:6
LH:6
BRDA:2,0,0,1
BRDA:2,0,1,2
BRDA:2,1,0,3
BRDA:2,1,1,2
BRDA:5,2,0,1
BRDA:5,2,1,1
BRF:6
BRH:6
end_of_record
